This is pdfTeX, Version 3.141592653-2.6-1.40.25 (MiKTeX 24.1) (preloaded format=pdflatex 2026.1.10)  14 FEB 2026 15:55
entering extended mode
 restricted \write18 enabled.
 %&-line parsing enabled.
**./ParkinsonAF.tex
(ParkinsonAF.tex
LaTeX2e <2023-11-01> patch level 1
L3 programming layer <2024-01-04>
(D:\PROGRAMAS\MiKTeX\tex/latex/base\report.cls
Document Class: report 2023/05/17 v1.4n Standard LaTeX document class
(D:\PROGRAMAS\MiKTeX\tex/latex/base\size12.clo
File: size12.clo 2023/05/17 v1.4n Standard LaTeX file (size option)
)
\c@part=\count187
\c@chapter=\count188
\c@section=\count189
\c@subsection=\count190
\c@subsubsection=\count191
\c@paragraph=\count192
\c@subparagraph=\count193
\c@figure=\count194
\c@table=\count195
\abovecaptionskip=\skip48
\belowcaptionskip=\skip49
\bibindent=\dimen140
)
(D:\PROGRAMAS\MiKTeX\tex/latex/base\inputenc.sty
Package: inputenc 2021/02/14 v1.3d Input encoding file
\inpenc@prehook=\toks17
\inpenc@posthook=\toks18
)
(D:\PROGRAMAS\MiKTeX\tex/generic/babel\babel.sty
Package: babel 2024/01/07 v24.1 The Babel package
\babel@savecnt=\count196
\U@D=\dimen141
\l@unhyphenated=\language79

(D:\PROGRAMAS\MiKTeX\tex/generic/babel\txtbabel.def)
\bbl@readstream=\read2
\bbl@dirlevel=\count197

*************************************
* Local config file bblopts.cfg used
*
(D:\PROGRAMAS\MiKTeX\tex/latex/arabi\bblopts.cfg
File: bblopts.cfg 2005/09/08 v0.1 add Arabic and Farsi to "declared" options of
 babel
)
(D:\PROGRAMAS\MiKTeX\tex/latex/babel-spanish\spanish.ldf
Language: spanish.ldf 2021/05/27 v5.0q Spanish support from the babel system
\es@quottoks=\toks19
\es@quotdepth=\count198
Package babel Info: Making " an active character on input line 570.
Package babel Info: Making . an active character on input line 675.
Package babel Info: Making < an active character on input line 722.
Package babel Info: Making > an active character on input line 722.
))
(D:\PROGRAMAS\MiKTeX\tex/generic/babel/locale/es\babel-spanish.tex
Package babel Info: Importing font and identification data for spanish
(babel)             from babel-es.ini. Reported on input line 11.
)
(D:\PROGRAMAS\MiKTeX\tex/latex/graphics\graphicx.sty
Package: graphicx 2021/09/16 v1.2d Enhanced LaTeX Graphics (DPC,SPQR)

(D:\PROGRAMAS\MiKTeX\tex/latex/graphics\keyval.sty
Package: keyval 2022/05/29 v1.15 key=value parser (DPC)
\KV@toks@=\toks20
)
(D:\PROGRAMAS\MiKTeX\tex/latex/graphics\graphics.sty
Package: graphics 2022/03/10 v1.4e Standard LaTeX Graphics (DPC,SPQR)

(D:\PROGRAMAS\MiKTeX\tex/latex/graphics\trig.sty
Package: trig 2021/08/11 v1.11 sin cos tan (DPC)
)
(D:\PROGRAMAS\MiKTeX\tex/latex/graphics-cfg\graphics.cfg
File: graphics.cfg 2016/06/04 v1.11 sample graphics configuration
)
Package graphics Info: Driver file: pdftex.def on input line 107.

(D:\PROGRAMAS\MiKTeX\tex/latex/graphics-def\pdftex.def
File: pdftex.def 2022/09/22 v1.2b Graphics/color driver for pdftex
))
\Gin@req@height=\dimen142
\Gin@req@width=\dimen143
)
(D:\PROGRAMAS\MiKTeX\tex/latex/xcolor\xcolor.sty
Package: xcolor 2023/11/15 v3.01 LaTeX color extensions (UK)

(D:\PROGRAMAS\MiKTeX\tex/latex/graphics-cfg\color.cfg
File: color.cfg 2016/01/02 v1.6 sample color configuration
)
Package xcolor Info: Driver file: pdftex.def on input line 274.

(D:\PROGRAMAS\MiKTeX\tex/latex/graphics\mathcolor.ltx)
Package xcolor Info: Model `cmy' substituted by `cmy0' on input line 1350.
Package xcolor Info: Model `hsb' substituted by `rgb' on input line 1354.
Package xcolor Info: Model `RGB' extended on input line 1366.
Package xcolor Info: Model `HTML' substituted by `rgb' on input line 1368.
Package xcolor Info: Model `Hsb' substituted by `hsb' on input line 1369.
Package xcolor Info: Model `tHsb' substituted by `hsb' on input line 1370.
Package xcolor Info: Model `HSB' substituted by `hsb' on input line 1371.
Package xcolor Info: Model `Gray' substituted by `gray' on input line 1372.
Package xcolor Info: Model `wave' substituted by `hsb' on input line 1373.
)
(D:\PROGRAMAS\MiKTeX\tex/latex/hyperref\hyperref.sty
Package: hyperref 2023-11-26 v7.01g Hypertext links for LaTeX

(D:\PROGRAMAS\MiKTeX\tex/generic/iftex\iftex.sty
Package: iftex 2022/02/03 v1.0f TeX engine tests
)
(D:\PROGRAMAS\MiKTeX\tex/generic/infwarerr\infwarerr.sty
Package: infwarerr 2019/12/03 v1.5 Providing info/warning/error messages (HO)
)
(D:\PROGRAMAS\MiKTeX\tex/latex/kvsetkeys\kvsetkeys.sty
Package: kvsetkeys 2022-10-05 v1.19 Key value parser (HO)
)
(D:\PROGRAMAS\MiKTeX\tex/generic/kvdefinekeys\kvdefinekeys.sty
Package: kvdefinekeys 2019-12-19 v1.6 Define keys (HO)
)
(D:\PROGRAMAS\MiKTeX\tex/generic/pdfescape\pdfescape.sty
Package: pdfescape 2019/12/09 v1.15 Implements pdfTeX's escape features (HO)

(D:\PROGRAMAS\MiKTeX\tex/generic/ltxcmds\ltxcmds.sty
Package: ltxcmds 2023-12-04 v1.26 LaTeX kernel commands for general use (HO)
)
(D:\PROGRAMAS\MiKTeX\tex/generic/pdftexcmds\pdftexcmds.sty
Package: pdftexcmds 2020-06-27 v0.33 Utility functions of pdfTeX for LuaTeX (HO
)
Package pdftexcmds Info: \pdf@primitive is available.
Package pdftexcmds Info: \pdf@ifprimitive is available.
Package pdftexcmds Info: \pdfdraftmode found.
))
(D:\PROGRAMAS\MiKTeX\tex/latex/hycolor\hycolor.sty
Package: hycolor 2020-01-27 v1.10 Color options for hyperref/bookmark (HO)
)
(D:\PROGRAMAS\MiKTeX\tex/latex/letltxmacro\letltxmacro.sty
Package: letltxmacro 2019/12/03 v1.6 Let assignment for LaTeX macros (HO)
)
(D:\PROGRAMAS\MiKTeX\tex/latex/auxhook\auxhook.sty
Package: auxhook 2019-12-17 v1.6 Hooks for auxiliary files (HO)
)
(D:\PROGRAMAS\MiKTeX\tex/latex/hyperref\nameref.sty
Package: nameref 2023-11-26 v2.56 Cross-referencing by name of section

(D:\PROGRAMAS\MiKTeX\tex/latex/refcount\refcount.sty
Package: refcount 2019/12/15 v3.6 Data extraction from label references (HO)
)
(D:\PROGRAMAS\MiKTeX\tex/generic/gettitlestring\gettitlestring.sty
Package: gettitlestring 2019/12/15 v1.6 Cleanup title references (HO)

(D:\PROGRAMAS\MiKTeX\tex/latex/kvoptions\kvoptions.sty
Package: kvoptions 2022-06-15 v3.15 Key value format for package options (HO)
))
\c@section@level=\count199
)
(D:\PROGRAMAS\MiKTeX\tex/latex/etoolbox\etoolbox.sty
Package: etoolbox 2020/10/05 v2.5k e-TeX tools for LaTeX (JAW)
\etb@tempcnta=\count266
)
\@linkdim=\dimen144
\Hy@linkcounter=\count267
\Hy@pagecounter=\count268

(D:\PROGRAMAS\MiKTeX\tex/latex/hyperref\pd1enc.def
File: pd1enc.def 2023-11-26 v7.01g Hyperref: PDFDocEncoding definition (HO)
Now handling font encoding PD1 ...
... no UTF-8 mapping file for font encoding PD1
)
(D:\PROGRAMAS\MiKTeX\tex/generic/intcalc\intcalc.sty
Package: intcalc 2019/12/15 v1.3 Expandable calculations with integers (HO)
)
\Hy@SavedSpaceFactor=\count269

(D:\PROGRAMAS\MiKTeX\tex/latex/hyperref\puenc.def
File: puenc.def 2023-11-26 v7.01g Hyperref: PDF Unicode definition (HO)
Now handling font encoding PU ...
... no UTF-8 mapping file for font encoding PU
)
Package hyperref Info: Option `colorlinks' set `true' on input line 4064.
Package hyperref Info: Hyper figures OFF on input line 4181.
Package hyperref Info: Link nesting OFF on input line 4186.
Package hyperref Info: Hyper index ON on input line 4189.
Package hyperref Info: Plain pages OFF on input line 4196.
Package hyperref Info: Backreferencing OFF on input line 4201.
Package hyperref Info: Implicit mode ON; LaTeX internals redefined.
Package hyperref Info: Bookmarks ON on input line 4448.
\c@Hy@tempcnt=\count270

(D:\PROGRAMAS\MiKTeX\tex/latex/url\url.sty
\Urlmuskip=\muskip16
Package: url 2013/09/16  ver 3.4  Verb mode for urls, etc.
)
LaTeX Info: Redefining \url on input line 4786.
\XeTeXLinkMargin=\dimen145

(D:\PROGRAMAS\MiKTeX\tex/generic/bitset\bitset.sty
Package: bitset 2019/12/09 v1.3 Handle bit-vector datatype (HO)

(D:\PROGRAMAS\MiKTeX\tex/generic/bigintcalc\bigintcalc.sty
Package: bigintcalc 2019/12/15 v1.5 Expandable calculations on big integers (HO
)
))
\Fld@menulength=\count271
\Field@Width=\dimen146
\Fld@charsize=\dimen147
Package hyperref Info: Hyper figures OFF on input line 6065.
Package hyperref Info: Link nesting OFF on input line 6070.
Package hyperref Info: Hyper index ON on input line 6073.
Package hyperref Info: backreferencing OFF on input line 6080.
Package hyperref Info: Link coloring ON on input line 6083.
Package hyperref Info: Link coloring with OCG OFF on input line 6090.
Package hyperref Info: PDF/A mode OFF on input line 6095.

(D:\PROGRAMAS\MiKTeX\tex/latex/base\atbegshi-ltx.sty
Package: atbegshi-ltx 2021/01/10 v1.0c Emulation of the original atbegshi
package with kernel methods
)
\Hy@abspage=\count272
\c@Item=\count273
\c@Hfootnote=\count274
)
Package hyperref Info: Driver (autodetected): hpdftex.

(D:\PROGRAMAS\MiKTeX\tex/latex/hyperref\hpdftex.def
File: hpdftex.def 2023-11-26 v7.01g Hyperref driver for pdfTeX

(D:\PROGRAMAS\MiKTeX\tex/latex/base\atveryend-ltx.sty
Package: atveryend-ltx 2020/08/19 v1.0a Emulation of the original atveryend pac
kage
with kernel methods
)
\Fld@listcount=\count275
\c@bookmark@seq@number=\count276

(D:\PROGRAMAS\MiKTeX\tex/latex/rerunfilecheck\rerunfilecheck.sty
Package: rerunfilecheck 2025-06-21 v1.11 Rerun checks for auxiliary files (HO)

(D:\PROGRAMAS\MiKTeX\tex/generic/uniquecounter\uniquecounter.sty
Package: uniquecounter 2019/12/15 v1.4 Provide unlimited unique counter (HO)
)
Package uniquecounter Info: New unique counter `rerunfilecheck' on input line 2
84.
)
\Hy@SectionHShift=\skip50
)
(D:\PROGRAMAS\MiKTeX\tex/latex/tools\tabularx.sty
Package: tabularx 2023/07/08 v2.11c `tabularx' package (DPC)

(D:\PROGRAMAS\MiKTeX\tex/latex/tools\array.sty
Package: array 2023/10/16 v2.5g Tabular extension package (FMi)
\col@sep=\dimen148
\ar@mcellbox=\box51
\extrarowheight=\dimen149
\NC@list=\toks21
\extratabsurround=\skip51
\backup@length=\skip52
\ar@cellbox=\box52
)
\TX@col@width=\dimen150
\TX@old@table=\dimen151
\TX@old@col=\dimen152
\TX@target=\dimen153
\TX@delta=\dimen154
\TX@cols=\count277
\TX@ftn=\toks22
)
(D:\PROGRAMAS\MiKTeX\tex/latex/booktabs\booktabs.sty
Package: booktabs 2020/01/12 v1.61803398 Publication quality tables
\heavyrulewidth=\dimen155
\lightrulewidth=\dimen156
\cmidrulewidth=\dimen157
\belowrulesep=\dimen158
\belowbottomsep=\dimen159
\aboverulesep=\dimen160
\abovetopsep=\dimen161
\cmidrulesep=\dimen162
\cmidrulekern=\dimen163
\defaultaddspace=\dimen164
\@cmidla=\count278
\@cmidlb=\count279
\@aboverulesep=\dimen165
\@belowrulesep=\dimen166
\@thisruleclass=\count280
\@lastruleclass=\count281
\@thisrulewidth=\dimen167
)
(D:\PROGRAMAS\MiKTeX\tex/latex/amsmath\amsmath.sty
Package: amsmath 2023/05/13 v2.17o AMS math features
\@mathmargin=\skip53

For additional information on amsmath, use the `?' option.
(D:\PROGRAMAS\MiKTeX\tex/latex/amsmath\amstext.sty
Package: amstext 2021/08/26 v2.01 AMS text

(D:\PROGRAMAS\MiKTeX\tex/latex/amsmath\amsgen.sty
File: amsgen.sty 1999/11/30 v2.0 generic functions
\@emptytoks=\toks23
\ex@=\dimen168
))
(D:\PROGRAMAS\MiKTeX\tex/latex/amsmath\amsbsy.sty
Package: amsbsy 1999/11/29 v1.2d Bold Symbols
\pmbraise@=\dimen169
)
(D:\PROGRAMAS\MiKTeX\tex/latex/amsmath\amsopn.sty
Package: amsopn 2022/04/08 v2.04 operator names
)
\inf@bad=\count282
LaTeX Info: Redefining \frac on input line 234.
\uproot@=\count283
\leftroot@=\count284
LaTeX Info: Redefining \overline on input line 399.
LaTeX Info: Redefining \colon on input line 410.
\classnum@=\count285
\DOTSCASE@=\count286
LaTeX Info: Redefining \ldots on input line 496.
LaTeX Info: Redefining \dots on input line 499.
LaTeX Info: Redefining \cdots on input line 620.
\Mathstrutbox@=\box53
\strutbox@=\box54
LaTeX Info: Redefining \big on input line 722.
LaTeX Info: Redefining \Big on input line 723.
LaTeX Info: Redefining \bigg on input line 724.
LaTeX Info: Redefining \Bigg on input line 725.
\big@size=\dimen170
LaTeX Font Info:    Redeclaring font encoding OML on input line 743.
LaTeX Font Info:    Redeclaring font encoding OMS on input line 744.
\macc@depth=\count287
LaTeX Info: Redefining \bmod on input line 905.
LaTeX Info: Redefining \pmod on input line 910.
LaTeX Info: Redefining \smash on input line 940.
LaTeX Info: Redefining \relbar on input line 970.
LaTeX Info: Redefining \Relbar on input line 971.
\c@MaxMatrixCols=\count288
\dotsspace@=\muskip17
\c@parentequation=\count289
\dspbrk@lvl=\count290
\tag@help=\toks24
\row@=\count291
\column@=\count292
\maxfields@=\count293
\andhelp@=\toks25
\eqnshift@=\dimen171
\alignsep@=\dimen172
\tagshift@=\dimen173
\tagwidth@=\dimen174
\totwidth@=\dimen175
\lineht@=\dimen176
\@envbody=\toks26
\multlinegap=\skip54
\multlinetaggap=\skip55
\mathdisplay@stack=\toks27
LaTeX Info: Redefining \[ on input line 2953.
LaTeX Info: Redefining \] on input line 2954.
)
(D:\PROGRAMAS\MiKTeX\tex/latex/amsfonts\amssymb.sty
Package: amssymb 2013/01/14 v3.01 AMS font symbols

(D:\PROGRAMAS\MiKTeX\tex/latex/amsfonts\amsfonts.sty
Package: amsfonts 2013/01/14 v3.01 Basic AMSFonts support
\symAMSa=\mathgroup4
\symAMSb=\mathgroup5
LaTeX Font Info:    Redeclaring math symbol \hbar on input line 98.
LaTeX Font Info:    Overwriting math alphabet `\mathfrak' in version `bold'
(Font)                  U/euf/m/n --> U/euf/b/n on input line 106.
))
(D:\PROGRAMAS\MiKTeX\tex/latex/setspace\setspace.sty
Package: setspace 2022/12/04 v6.7b set line spacing
)
(D:\PROGRAMAS\MiKTeX\tex/latex/geometry\geometry.sty
Package: geometry 2020/01/02 v5.9 Page Geometry

(D:\PROGRAMAS\MiKTeX\tex/generic/iftex\ifvtex.sty
Package: ifvtex 2019/10/25 v1.7 ifvtex legacy package. Use iftex instead.
)
\Gm@cnth=\count294
\Gm@cntv=\count295
\c@Gm@tempcnt=\count296
\Gm@bindingoffset=\dimen177
\Gm@wd@mp=\dimen178
\Gm@odd@mp=\dimen179
\Gm@even@mp=\dimen180
\Gm@layoutwidth=\dimen181
\Gm@layoutheight=\dimen182
\Gm@layouthoffset=\dimen183
\Gm@layoutvoffset=\dimen184
\Gm@dimlist=\toks28

(D:\PROGRAMAS\MiKTeX\tex/latex/geometry\geometry.cfg))
(D:\PROGRAMAS\MiKTeX\tex/latex/float\float.sty
Package: float 2001/11/08 v1.3d Float enhancements (AL)
\c@float@type=\count297
\float@exts=\toks29
\float@box=\box55
\@float@everytoks=\toks30
\@floatcapt=\box56
)
(D:\PROGRAMAS\MiKTeX\tex/latex/caption\caption.sty
Package: caption 2023/08/05 v3.6o Customizing captions (AR)

(D:\PROGRAMAS\MiKTeX\tex/latex/caption\caption3.sty
Package: caption3 2023/07/31 v2.4d caption3 kernel (AR)
\caption@tempdima=\dimen185
\captionmargin=\dimen186
\caption@leftmargin=\dimen187
\caption@rightmargin=\dimen188
\caption@width=\dimen189
\caption@indent=\dimen190
\caption@parindent=\dimen191
\caption@hangindent=\dimen192
Package caption Info: Standard document class detected.
)
\c@caption@flags=\count298
\c@continuedfloat=\count299
Package caption Info: float package is loaded.
Package caption Info: hyperref package is loaded.
)
(D:\PROGRAMAS\MiKTeX\tex/latex/listings\listings.sty
\lst@mode=\count300
\lst@gtempboxa=\box57
\lst@token=\toks31
\lst@length=\count301
\lst@currlwidth=\dimen193
\lst@column=\count302
\lst@pos=\count303
\lst@lostspace=\dimen194
\lst@width=\dimen195
\lst@newlines=\count304
\lst@lineno=\count305
\lst@maxwidth=\dimen196

(D:\PROGRAMAS\MiKTeX\tex/latex/listings\lstmisc.sty
File: lstmisc.sty 2023/02/27 1.9 (Carsten Heinz)
\c@lstnumber=\count306
\lst@skipnumbers=\count307
\lst@framebox=\box58
)
(D:\PROGRAMAS\MiKTeX\tex/latex/listings\listings.cfg
File: listings.cfg 2023/02/27 1.9 listings configuration
))
Package: listings 2023/02/27 1.9 (Carsten Heinz)

(D:\PROGRAMAS\MiKTeX\tex/latex/listings\lstlang1.sty
File: lstlang1.sty 2023/02/27 1.9 listings language file
)
(D:\PROGRAMAS\MiKTeX\tex/latex/fancyhdr\fancyhdr.sty
Package: fancyhdr 2025/02/07 v5.2 Extensive control of page headers and footers

\f@nch@headwidth=\skip56
\f@nch@offset@elh=\skip57
\f@nch@offset@erh=\skip58
\f@nch@offset@olh=\skip59
\f@nch@offset@orh=\skip60
\f@nch@offset@elf=\skip61
\f@nch@offset@erf=\skip62
\f@nch@offset@olf=\skip63
\f@nch@offset@orf=\skip64
\f@nch@height=\skip65
\f@nch@footalignment=\skip66
\f@nch@widthL=\skip67
\f@nch@widthC=\skip68
\f@nch@widthR=\skip69
\@temptokenb=\toks32
)
(D:\PROGRAMAS\MiKTeX\tex/latex/csquotes\csquotes.sty
Package: csquotes 2024-04-04 v5.2o context-sensitive quotations (JAW)
\csq@reset=\count308
\csq@gtype=\count309
\csq@glevel=\count310
\csq@qlevel=\count311
\csq@maxlvl=\count312
\csq@tshold=\count313
\csq@ltx@everypar=\toks33

(D:\PROGRAMAS\MiKTeX\tex/latex/csquotes\csquotes.def
File: csquotes.def 2024-04-04 v5.2o csquotes generic definitions (JAW)
)
Package csquotes Info: Trying to load configuration file 'csquotes.cfg'...
Package csquotes Info: ... configuration file loaded successfully.

(D:\PROGRAMAS\MiKTeX\tex/latex/csquotes\csquotes.cfg
File: csquotes.cfg 
))
(D:\PROGRAMAS\MiKTeX\tex/latex/biblatex\biblatex.sty
Package: biblatex 2023/03/05 v3.19 programmable bibliographies (PK/MW)

(D:\PROGRAMAS\MiKTeX\tex/latex/logreq\logreq.sty
Package: logreq 2010/08/04 v1.0 xml request logger
\lrq@indent=\count314

(D:\PROGRAMAS\MiKTeX\tex/latex/logreq\logreq.def
File: logreq.def 2010/08/04 v1.0 logreq spec v1.0
))
(D:\PROGRAMAS\MiKTeX\tex/latex/base\ifthen.sty
Package: ifthen 2022/04/13 v1.1d Standard LaTeX ifthen package (DPC)
)
\c@tabx@nest=\count315
\c@listtotal=\count316
\c@listcount=\count317
\c@liststart=\count318
\c@liststop=\count319
\c@citecount=\count320
\c@citetotal=\count321
\c@multicitecount=\count322
\c@multicitetotal=\count323
\c@instcount=\count324
\c@maxnames=\count325
\c@minnames=\count326
\c@maxitems=\count327
\c@minitems=\count328
\c@citecounter=\count329
\c@maxcitecounter=\count330
\c@savedcitecounter=\count331
\c@uniquelist=\count332
\c@uniquename=\count333
\c@refsection=\count334
\c@refsegment=\count335
\c@maxextratitle=\count336
\c@maxextratitleyear=\count337
\c@maxextraname=\count338
\c@maxextradate=\count339
\c@maxextraalpha=\count340
\c@abbrvpenalty=\count341
\c@highnamepenalty=\count342
\c@lownamepenalty=\count343
\c@maxparens=\count344
\c@parenlevel=\count345
\blx@tempcnta=\count346
\blx@tempcntb=\count347
\blx@tempcntc=\count348
\c@blx@maxsection=\count349
\blx@maxsegment@0=\count350
\blx@notetype=\count351
\blx@parenlevel@text=\count352
\blx@parenlevel@foot=\count353
\blx@sectionciteorder@0=\count354
\blx@sectionciteorderinternal@0=\count355
\blx@entrysetcounter=\count356
\blx@biblioinstance=\count357
\labelnumberwidth=\skip70
\labelalphawidth=\skip71
\biblabelsep=\skip72
\bibitemsep=\skip73
\bibnamesep=\skip74
\bibinitsep=\skip75
\bibparsep=\skip76
\bibhang=\skip77
\blx@bcfin=\read3
\blx@bcfout=\write3
\blx@langwohyphens=\language80
\c@mincomprange=\count358
\c@maxcomprange=\count359
\c@mincompwidth=\count360
Package biblatex Info: Trying to load biblatex default data model...
Package biblatex Info: ... file 'blx-dm.def' found.

(D:\PROGRAMAS\MiKTeX\tex/latex/biblatex\blx-dm.def
File: blx-dm.def 2023/03/05 v3.19 biblatex localization (PK/MW)
)
Package biblatex Info: Trying to load biblatex style data model...
Package biblatex Info: ... file 'apa.dbx' found.

(D:\PROGRAMAS\MiKTeX\tex/latex/biblatex-apa\apa.dbx
File: apa.dbx 2025/08/27 v9.20 APA biblatex style data model
)
Package biblatex Info: Trying to load biblatex custom data model...
Package biblatex Info: ... file 'biblatex-dm.cfg' not found.
\c@afterword=\count361
\c@savedafterword=\count362
\c@annotator=\count363
\c@savedannotator=\count364
\c@author=\count365
\c@savedauthor=\count366
\c@bookauthor=\count367
\c@savedbookauthor=\count368
\c@commentator=\count369
\c@savedcommentator=\count370
\c@editor=\count371
\c@savededitor=\count372
\c@editora=\count373
\c@savededitora=\count374
\c@editorb=\count375
\c@savededitorb=\count376
\c@editorc=\count377
\c@savededitorc=\count378
\c@foreword=\count379
\c@savedforeword=\count380
\c@holder=\count381
\c@savedholder=\count382
\c@introduction=\count383
\c@savedintroduction=\count384
\c@namea=\count385
\c@savednamea=\count386
\c@nameb=\count387
\c@savednameb=\count388
\c@namec=\count389
\c@savednamec=\count390
\c@translator=\count391
\c@savedtranslator=\count392
\c@shortauthor=\count393
\c@savedshortauthor=\count394
\c@shorteditor=\count395
\c@savedshorteditor=\count396
\c@narrator=\count397
\c@savednarrator=\count398
\c@execproducer=\count399
\c@savedexecproducer=\count400
\c@execdirector=\count401
\c@savedexecdirector=\count402
\c@with=\count403
\c@savedwith=\count404
\c@labelname=\count405
\c@savedlabelname=\count406
\c@institution=\count407
\c@savedinstitution=\count408
\c@lista=\count409
\c@savedlista=\count410
\c@listb=\count411
\c@savedlistb=\count412
\c@listc=\count413
\c@savedlistc=\count414
\c@listd=\count415
\c@savedlistd=\count416
\c@liste=\count417
\c@savedliste=\count418
\c@listf=\count419
\c@savedlistf=\count420
\c@location=\count421
\c@savedlocation=\count422
\c@organization=\count423
\c@savedorganization=\count424
\c@origlocation=\count425
\c@savedoriglocation=\count426
\c@origpublisher=\count427
\c@savedorigpublisher=\count428
\c@publisher=\count429
\c@savedpublisher=\count430
\c@language=\count431
\c@savedlanguage=\count432
\c@origlanguage=\count433
\c@savedoriglanguage=\count434
\c@citation=\count435
\c@savedcitation=\count436
\c@pageref=\count437
\c@savedpageref=\count438
\shorthandwidth=\skip78
\shortjournalwidth=\skip79
\shortserieswidth=\skip80
\shorttitlewidth=\skip81
\shortauthorwidth=\skip82
\shorteditorwidth=\skip83
\locallabelnumberwidth=\skip84
\locallabelalphawidth=\skip85
\localshorthandwidth=\skip86
\localshortjournalwidth=\skip87
\localshortserieswidth=\skip88
\localshorttitlewidth=\skip89
\localshortauthorwidth=\skip90
\localshorteditorwidth=\skip91
Package biblatex Info: Trying to load compatibility code...
Package biblatex Info: ... file 'blx-compat.def' found.

(D:\PROGRAMAS\MiKTeX\tex/latex/biblatex\blx-compat.def
File: blx-compat.def 2023/03/05 v3.19 biblatex compatibility (PK/MW)
)
Package biblatex Info: Trying to load generic definitions...
Package biblatex Info: ... file 'biblatex.def' found.

(D:\PROGRAMAS\MiKTeX\tex/latex/biblatex\biblatex.def
File: biblatex.def 2023/03/05 v3.19 biblatex compatibility (PK/MW)
\c@textcitecount=\count439
\c@textcitetotal=\count440
\c@textcitemaxnames=\count441
\c@biburlbigbreakpenalty=\count442
\c@biburlbreakpenalty=\count443
\c@biburlnumpenalty=\count444
\c@biburlucpenalty=\count445
\c@biburllcpenalty=\count446
\biburlbigskip=\muskip18
\biburlnumskip=\muskip19
\biburlucskip=\muskip20
\biburllcskip=\muskip21
\c@smartand=\count447
)
Package biblatex Info: Trying to load bibliography style 'apa'...
Package biblatex Info: ... file 'apa.bbx' found.

(D:\PROGRAMAS\MiKTeX\tex/latex/biblatex-apa\apa.bbx
File: apa.bbx 2025/08/27 v9.20 APA biblatex references style
Package biblatex Info: Trying to load bibliography style 'standard'...
Package biblatex Info: ... file 'standard.bbx' found.

(D:\PROGRAMAS\MiKTeX\tex/latex/biblatex/bbx\standard.bbx
File: standard.bbx 2023/03/05 v3.19 biblatex bibliography style (PK/MW)
\c@bbx:relatedcount=\count448
\c@bbx:relatedtotal=\count449
)
Package biblatex Info: Delimiter 'nameyeardelim' in context 'bib' already defin
ed, overwriting.
Package biblatex Info: Delimiter 'nameyeardelim' in context 'biblist' already d
efined, overwriting.
Package biblatex Info: Delimiter 'nonameyeardelim' in context 'bib' already def
ined, overwriting.
Package biblatex Info: Delimiter 'nonameyeardelim' in context 'biblist' already
 defined, overwriting.
)
Package biblatex Info: Trying to load citation style 'apa'...
Package biblatex Info: ... file 'apa.cbx' found.

(D:\PROGRAMAS\MiKTeX\tex/latex/biblatex-apa\apa.cbx
File: apa.cbx 2025/08/27 v9.20 APA biblatex citation style
Package biblatex Info: Delimiter 'nameyeardelim' in context '' already defined,
 overwriting.
Package biblatex Info: Delimiter 'andothersdelim' in context '' already defined
, overwriting.
Package biblatex Info: Redefining '\fullcite'.
Package biblatex Info: Redefining '\citeauthor'.
Package biblatex Info: Redefining '\citeyear'.
Package biblatex Info: Redefining '\cite'.
Package biblatex Info: Redefining '\cites'.
Package biblatex Info: Redefining '\parencite'.
Package biblatex Info: Redefining '\parencites'.
Package biblatex Info: Redefining '\footcite'.
Package biblatex Info: Redefining '\footcites'.
Package biblatex Info: Redefining '\footcitetext'.
Package biblatex Info: Redefining '\footcitetexts'.
Package biblatex Info: Redefining '\smartcite'.
Package biblatex Info: Redefining '\smartcites'.
Package biblatex Info: Redefining '\textcite'.
Package biblatex Info: Redefining '\textcites'.
)
Package biblatex Info: Trying to load configuration file...
Package biblatex Info: ... file 'biblatex.cfg' found.

(D:\PROGRAMAS\MiKTeX\tex/latex/biblatex\biblatex.cfg
File: biblatex.cfg 
)
Package biblatex Info: Input encoding 'utf8' detected.
Package biblatex Info: Document encoding is UTF8 ....

(D:\PROGRAMAS\MiKTeX\tex/latex/l3kernel\expl3.sty
Package: expl3 2024-01-04 L3 programming layer (loader) 

(D:\PROGRAMAS\MiKTeX\tex/latex/l3backend\l3backend-pdftex.def
File: l3backend-pdftex.def 2024-01-04 L3 backend support: PDF output (pdfTeX)
\l__color_backend_stack_int=\count450
\l__pdf_internal_box=\box59
))
Package biblatex Info: ... and expl3
(biblatex)             2024-01-04 L3 programming layer (loader) 
(biblatex)             is new enough (at least 2020/04/06),
(biblatex)             setting 'casechanger=expl3'.

(D:\PROGRAMAS\MiKTeX\tex/latex/biblatex\blx-case-expl3.sty
(D:\PROGRAMAS\MiKTeX\tex/latex/l3packages/xparse\xparse.sty
Package: xparse 2023-10-10 L3 Experimental document command parser
)
Package: blx-case-expl3 2023/03/05 v3.19 expl3 case changing code for biblatex
))
\c@subsubsubsection=\count451
Package csquotes Info: Checking for multilingual support...
Package csquotes Info: ... found 'babel' package.
Package csquotes Info: Adjusting default style.
Package csquotes Info: Redefining alias 'default' -> 'spanish'.
 (ParkinsonAF.aux
LaTeX Info: Redefining \. on input line 12.
LaTeX Info: Redefining \% on input line 12.

LaTeX Warning: Label `ec:mape' multiply defined.

)
\openout1 = `ParkinsonAF.aux'.

LaTeX Font Info:    Checking defaults for OML/cmm/m/it on input line 69.
LaTeX Font Info:    ... okay on input line 69.
LaTeX Font Info:    Checking defaults for OMS/cmsy/m/n on input line 69.
LaTeX Font Info:    ... okay on input line 69.
LaTeX Font Info:    Checking defaults for OT1/cmr/m/n on input line 69.
LaTeX Font Info:    ... okay on input line 69.
LaTeX Font Info:    Checking defaults for T1/cmr/m/n on input line 69.
LaTeX Font Info:    ... okay on input line 69.
LaTeX Font Info:    Checking defaults for TS1/cmr/m/n on input line 69.
LaTeX Font Info:    ... okay on input line 69.
LaTeX Font Info:    Checking defaults for OMX/cmex/m/n on input line 69.
LaTeX Font Info:    ... okay on input line 69.
LaTeX Font Info:    Checking defaults for U/cmr/m/n on input line 69.
LaTeX Font Info:    ... okay on input line 69.
LaTeX Font Info:    Checking defaults for PD1/pdf/m/n on input line 69.
LaTeX Font Info:    ... okay on input line 69.
LaTeX Font Info:    Checking defaults for PU/pdf/m/n on input line 69.
LaTeX Font Info:    ... okay on input line 69.
LaTeX Info: Redefining \. on input line 69.
LaTeX Info: Redefining \% on input line 69.
 (D:\PROGRAMAS\MiKTeX\tex/context/base/mkii\supp-pdf.mkii
[Loading MPS to PDF converter (version 2006.09.02).]
\scratchcounter=\count452
\scratchdimen=\dimen197
\scratchbox=\box60
\nofMPsegments=\count453
\nofMParguments=\count454
\everyMPshowfont=\toks34
\MPscratchCnt=\count455
\MPscratchDim=\dimen198
\MPnumerator=\count456
\makeMPintoPDFobject=\count457
\everyMPtoPDFconversion=\toks35
) (D:\PROGRAMAS\MiKTeX\tex/latex/epstopdf-pkg\epstopdf-base.sty
Package: epstopdf-base 2020-01-24 v2.11 Base part for package epstopdf
Package epstopdf-base Info: Redefining graphics rule for `.eps' on input line 4
85.

(D:\PROGRAMAS\MiKTeX\tex/latex/00miktex\epstopdf-sys.cfg
File: epstopdf-sys.cfg 2021/03/18 v2.0 Configuration of epstopdf for MiKTeX
))
Package hyperref Info: Link coloring ON on input line 69.
 (ParkinsonAF.out)
(ParkinsonAF.out)
\@outlinefile=\write4
\openout4 = `ParkinsonAF.out'.


*geometry* driver: auto-detecting
*geometry* detected driver: pdftex
*geometry* verbose mode - [ preamble ] result:
* driver: pdftex
* paper: <default>
* layout: <same size as paper>
* layoutoffset:(h,v)=(0.0pt,0.0pt)
* modes: 
* h-part:(L,W,R)=(85.35826pt, 457.80486pt, 71.13188pt)
* v-part:(T,H,B)=(85.35826pt, 638.47984pt, 71.13188pt)
* \paperwidth=614.295pt
* \paperheight=794.96999pt
* \textwidth=457.80486pt
* \textheight=638.47984pt
* \oddsidemargin=13.08827pt
* \evensidemargin=13.08827pt
* \topmargin=-23.91173pt
* \headheight=12.0pt
* \headsep=25.0pt
* \topskip=12.0pt
* \footskip=30.0pt
* \marginparwidth=44.0pt
* \marginparsep=10.0pt
* \columnsep=10.0pt
* \skip\footins=10.8pt plus 4.0pt minus 2.0pt
* \hoffset=0.0pt
* \voffset=0.0pt
* \mag=1000
* \@twocolumnfalse
* \@twosidefalse
* \@mparswitchfalse
* \@reversemarginfalse
* (1in=72.27pt=25.4mm, 1cm=28.453pt)

Package caption Info: Begin \AtBeginDocument code.
Package caption Info: listings package is loaded.
Package caption Info: End \AtBeginDocument code.
\c@lstlisting=\count458
Package biblatex Info: Trying to load language 'spanish' -> 'spanish-apa'...
Package biblatex Info: ... file 'spanish-apa.lbx' found.
(D:\PROGRAMAS\MiKTeX\tex/latex/biblatex-apa\spanish-apa.lbx
File: spanish-apa.lbx 2025/08/27 v9.20 APA biblatex localisation
Package biblatex Info: Trying to load language 'spanish'...
Package biblatex Info: ... file 'spanish.lbx' found.

(D:\PROGRAMAS\MiKTeX\tex/latex/biblatex/lbx\spanish.lbx
File: spanish.lbx 2023/03/05 v3.19 biblatex localization (PK/MW)
)
Package biblatex Info: Trying to load language 'spanish'...
Package biblatex Info: ... file 'spanish.lbx' found.

(D:\PROGRAMAS\MiKTeX\tex/latex/biblatex/lbx\spanish.lbx
File: spanish.lbx 2023/03/05 v3.19 biblatex localization (PK/MW)
))
Package biblatex Info: Input encoding 'utf8' detected.
Package biblatex Info: Automatic encoding selection.
(biblatex)             Assuming data encoding 'utf8'.
\openout3 = `ParkinsonAF.bcf'.

Package biblatex Info: Trying to load bibliographic data...
Package biblatex Info: ... file 'ParkinsonAF.bbl' found.
 (ParkinsonAF.bbl)
Package biblatex Info: Reference section=0 on input line 69.
Package biblatex Info: Reference segment=0 on input line 69.
<logouce.png, id=315, 148.555pt x 148.555pt>
File: logouce.png Graphic file (type png)
<use logouce.png>
Package pdftex.def Info: logouce.png  used on input line 72.
(pdftex.def)             Requested size: 113.81102pt x 113.81647pt.

[1

{C:/Users/Daniel F/AppData/Local/MiKTeX/fonts/map/pdftex/pdftex.map} <./logouce
.png>] (ParkinsonAF.toc
LaTeX Info: Redefining \sptext on input line 1.
LaTeX Info: Redefining \. on input line 1.
LaTeX Info: Redefining \% on input line 1.
LaTeX Font Info:    Trying to load font information for U+msa on input line 2.
 (D:\PROGRAMAS\MiKTeX\tex/latex/amsfonts\umsa.fd
File: umsa.fd 2013/01/14 v3.01 AMS symbols A
)
LaTeX Font Info:    Trying to load font information for U+msb on input line 2.

(D:\PROGRAMAS\MiKTeX\tex/latex/amsfonts\umsb.fd
File: umsb.fd 2013/01/14 v3.01 AMS symbols B
)
pdfTeX warning (ext4): destination with the same identifier (name{page.1}) has 
been already used, duplicate ignored
<to be read again> 
                   \relax 
l.30 ...timación de parámetros}{20}{section.1.7}
                                                  % [1

] [2])
\tf@toc=\write5
\openout5 = `ParkinsonAF.toc'.

 [3]
(ParkinsonAF.lof
LaTeX Info: Redefining \sptext on input line 1.
LaTeX Info: Redefining \. on input line 1.
LaTeX Info: Redefining \% on input line 1.
 [4

])
\tf@lof=\write6
\openout6 = `ParkinsonAF.lof'.

 [5] (ParkinsonAF.lot
LaTeX Info: Redefining \sptext on input line 1.
LaTeX Info: Redefining \. on input line 1.
LaTeX Info: Redefining \% on input line 1.
)
\tf@lot=\write7
\openout7 = `ParkinsonAF.lot'.

 [6

] [7] [8]
Cap\'{\i }tulo 1.
[9

]
<Imagen 1.png, id=571, 207.77625pt x 145.54375pt>
File: Imagen 1.png Graphic file (type png)
<use Imagen 1.png>
Package pdftex.def Info: Imagen 1.png  used on input line 162.
(pdftex.def)             Requested size: 274.6857pt x 192.4359pt.
 [10]
<Imagen 2.png, id=580, 169.63374pt x 71.26625pt>
File: Imagen 2.png Graphic file (type png)
<use Imagen 2.png>
Package pdftex.def Info: Imagen 2.png  used on input line 175.
(pdftex.def)             Requested size: 274.6857pt x 115.40607pt.
 [11 <./Imagen 1.png> <./Imagen 2.png>]

Package hyperref Warning: Token not allowed in a PDF string (Unicode):
(hyperref)                removing `math shift' on input line 186.


Package hyperref Warning: Token not allowed in a PDF string (Unicode):
(hyperref)                removing `subscript' on input line 186.


Package hyperref Warning: Token not allowed in a PDF string (Unicode):
(hyperref)                removing `math shift' on input line 186.

<Imagen 3.png, id=590, 151.56625pt x 152.57pt>
File: Imagen 3.png Graphic file (type png)
<use Imagen 3.png>
Package pdftex.def Info: Imagen 3.png  used on input line 192.
(pdftex.def)             Requested size: 274.6857pt x 276.50916pt.
[12 <./Imagen 3.png>] [13] [14] [15] [16]
Overfull \hbox (2.73506pt too wide) in paragraph at lines 285--287
[]\OT1/cmr/m/n/12 Entendamos es-tos tres con-cep-tos con el si-guien-te ejem-pl
o. Con-si-de-re-mos $\OML/cmm/m/it/12 ^^R \OMS/cmsy/m/n/12 ^^X []\OT1/cmr/m/n/1
2 (\OML/cmm/m/it/12 ; ^^L\OT1/cmr/m/n/12 )$,
 []

[17] [18]
Overfull \hbox (21.75099pt too wide) in paragraph at lines 416--416
[]\OT1/cmr/bx/n/17.28 Inferencia Ba-ye-sia-na pa-ra la es-ti-ma-ci^^Son de par^
^Same-
 []


LaTeX Warning: Command \textellipsis invalid in math mode on input line 418.

[19] [20]
<Imagen 5.1.png, id=691, 1027.84pt x 1027.84pt>
File: Imagen 5.1.png Graphic file (type png)
<use Imagen 5.1.png>
Package pdftex.def Info: Imagen 5.1.png  used on input line 477.
(pdftex.def)             Requested size: 274.6857pt x 274.68178pt.
 [21] [22 <./Imagen 5.1.png (PNG copy)>]
<Imagen 6.png, id=714, 252.945pt x 140.525pt>
File: Imagen 6.png Graphic file (type png)
<use Imagen 6.png>
Package pdftex.def Info: Imagen 6.png  used on input line 515.
(pdftex.def)             Requested size: 274.6857pt x 152.60526pt.
 [23 <./Imagen 6.png>]
<Imagen 7.png, id=726, 260.8947pt x 165.4983pt>
File: Imagen 7.png Graphic file (type png)
<use Imagen 7.png>
Package pdftex.def Info: Imagen 7.png  used on input line 547.
(pdftex.def)             Requested size: 274.6857pt x 174.25813pt.

[24 <./Imagen 7.png>] [25] [26] [27]
Overfull \hbox (141.17044pt too wide) in paragraph at lines 634--634
[] \OT1/cmtt/m/n/12 trace = pm.sample(2000, tune=1000, target_accept=0.9,return
_inferencedata=True, random_seed=123)[] 
 []

[28]
Cap\'{\i }tulo 2.
[29

] [30]
Cap\'{\i }tulo 3.

Overfull \hbox (3.10524pt too wide) in paragraph at lines 718--718
 []|\OT1/cmr/bx/n/12 Completos 
 []

[31

]
Overfull \hbox (14.8008pt too wide) in paragraph at lines 774--774
 []|\OT1/cmr/bx/n/12 asimetr^^S^^Pa 
 []


Overfull \hbox (3.1758pt too wide) in paragraph at lines 774--774
 []|\OT1/cmr/bx/n/12 presi^^Son 
 []


Overfull \hbox (3.1758pt too wide) in paragraph at lines 774--774
 []|\OT1/cmr/bx/n/12 presi^^Son 
 []


Overfull \hbox (7.81468pt too wide) in paragraph at lines 774--774
 \OT1/cmr/bx/n/12 diast^^Soli- 
 []

[32] [33] [34]
<Imagen 8.png, id=804, 729.927pt x 586.1097pt>
File: Imagen 8.png Graphic file (type png)
<use Imagen 8.png>
Package pdftex.def Info: Imagen 8.png  used on input line 841.
(pdftex.def)             Requested size: 412.02156pt x 330.84853pt.
 [35 <./Imagen 8.png>]

LaTeX Warning: Command \textellipsis invalid in math mode on input line 887.

[36]
Overfull \hbox (7.89433pt too wide) detected at line 913
[][][][][]
 []

[37] [38] [39] [40] [41]
Cap\'{\i }tulo 4.

Overfull \hbox (2.12613pt too wide) in paragraph at lines 1061--1061
[]|\OT1/cmr/bx/n/10.95 r[]hat| 
 []


Overfull \hbox (3.15514pt too wide) in paragraph at lines 1061--1061
 []|\OT1/cmr/m/n/10.95 1094.12| 
 []


Overfull \hbox (3.15514pt too wide) in paragraph at lines 1061--1061
 []|\OT1/cmr/m/n/10.95 4141.89| 
 []


Overfull \hbox (3.15514pt too wide) in paragraph at lines 1061--1061
 []|\OT1/cmr/m/n/10.95 3664.71| 
 []


Overfull \hbox (3.15514pt too wide) in paragraph at lines 1061--1061
 []|\OT1/cmr/m/n/10.95 3508.01| 
 []


Overfull \hbox (3.15514pt too wide) in paragraph at lines 1061--1061
 []|\OT1/cmr/m/n/10.95 2990.64| 
 []


Overfull \hbox (3.15514pt too wide) in paragraph at lines 1061--1061
 []|\OT1/cmr/m/n/10.95 3926.53| 
 []


Overfull \hbox (3.15514pt too wide) in paragraph at lines 1061--1061
 []|\OT1/cmr/m/n/10.95 2302.25| 
 []


Overfull \hbox (3.15514pt too wide) in paragraph at lines 1061--1061
 []|\OT1/cmr/m/n/10.95 2452.96| 
 []

[42

]
<output_1_13.png, id=852, 741.4902pt x 332.442pt>
File: output_1_13.png Graphic file (type png)
<use output_1_13.png>
Package pdftex.def Info: output_1_13.png  used on input line 1069.
(pdftex.def)             Requested size: 412.02156pt x 184.73068pt.
<output_2_1.png, id=853, 1253.1618pt x 1605.8394pt>
File: output_2_1.png Graphic file (type png)
<use output_2_1.png>
Package pdftex.def Info: output_2_1.png  used on input line 1076.
(pdftex.def)             Requested size: 412.02156pt x 527.9684pt.
 [43 <./output_1_13.png>] [44 <./output_2_1.png>]
<output_4_13.png, id=869, 749.4399pt x 332.442pt>
File: output_4_13.png Graphic file (type png)
<use output_4_13.png>
Package pdftex.def Info: output_4_13.png  used on input line 1129.
(pdftex.def)             Requested size: 412.02156pt x 182.76756pt.
 [45]
<output_5_1.png, id=875, 1678.8321pt x 1298.6919pt>
File: output_5_1.png Graphic file (type png)
<use output_5_1.png>
Package pdftex.def Info: output_5_1.png  used on input line 1136.
(pdftex.def)             Requested size: 412.02156pt x 318.72725pt.
 [46 <./output_4_13.png> <./output_5_1.png>]
<output_7_13.png, id=887, 755.2215pt x 332.442pt>
File: output_7_13.png Graphic file (type png)
<use output_7_13.png>
Package pdftex.def Info: output_7_13.png  used on input line 1190.
(pdftex.def)             Requested size: 412.02156pt x 181.36751pt.
 [47]
<output_8_1.png, id=892, 1663.6554pt x 1605.8394pt>
File: output_8_1.png Graphic file (type png)
<use output_8_1.png>
Package pdftex.def Info: output_8_1.png  used on input line 1197.
(pdftex.def)             Requested size: 412.02156pt x 397.6854pt.
 [48 <./output_7_13.png>] [49 <./output_8_1.png>]
<output_10_13.png, id=908, 749.4399pt x 332.442pt>
File: output_10_13.png Graphic file (type png)
<use output_10_13.png>
Package pdftex.def Info: output_10_13.png  used on input line 1252.
(pdftex.def)             Requested size: 412.02156pt x 182.76756pt.
<output_11_1.png, id=909, 1262.5569pt x 1912.9869pt>
File: output_11_1.png Graphic file (type png)
<use output_11_1.png>
Package pdftex.def Info: output_11_1.png  used on input line 1259.
(pdftex.def)             Requested size: 412.02156pt x 624.28209pt.

[50 <./output_10_13.png>]
Overfull \vbox (10.30223pt too high) has occurred while \output is active []


[51 <./output_11_1.png>]
<output_13_13.png, id=924, 751.608pt x 332.442pt>
File: output_13_13.png Graphic file (type png)
<use output_13_13.png>
Package pdftex.def Info: output_13_13.png  used on input line 1318.
(pdftex.def)             Requested size: 412.02156pt x 182.24pt.
 [52]
<output_14_1.png, id=929, 1686.0591pt x 1605.8394pt>
File: output_14_1.png Graphic file (type png)
<use output_14_1.png>
Package pdftex.def Info: output_14_1.png  used on input line 1325.
(pdftex.def)             Requested size: 412.02156pt x 392.41722pt.
 [53 <./output_13_13.png>] [54 <./output_14_1.png>]
<output_1_14.png, id=946, 858.5676pt x 1437.4503pt>
File: output_1_14.png Graphic file (type png)
<use output_1_14.png>
Package pdftex.def Info: output_1_14.png  used on input line 1340.
(pdftex.def)             Requested size: 306.72841pt x 513.53366pt.
<output_1_15.png, id=947, 859.2903pt x 137.313pt>
File: output_1_15.png Graphic file (type png)
<use output_1_15.png>
Package pdftex.def Info: output_1_15.png  used on input line 1348.
(pdftex.def)             Requested size: 320.46199pt x 51.20938pt.
 [55 <./output_1_14.png>]
<output_1_16.png, id=953, 455.301pt x 339.669pt>
File: output_1_16.png Graphic file (type png)
<use output_1_16.png>
Package pdftex.def Info: output_1_16.png  used on input line 1355.
(pdftex.def)             Requested size: 320.46199pt x 239.08313pt.
 [56 <./output_1_15.png> <./output_1_16.png>]
<output_4_14.png, id=967, 859.2903pt x 1582.713pt>
File: output_4_14.png Graphic file (type png)
<use output_4_14.png>
Package pdftex.def Info: output_4_14.png  used on input line 1386.
(pdftex.def)             Requested size: 306.72841pt x 564.94621pt.

[57]
<output_4_15.png, id=972, 858.5676pt x 137.313pt>
File: output_4_15.png Graphic file (type png)
<use output_4_15.png>
Package pdftex.def Info: output_4_15.png  used on input line 1394.
(pdftex.def)             Requested size: 320.46199pt x 51.25128pt.
 [58 <./output_4_14.png>]
<output_4_16.png, id=978, 455.301pt x 339.669pt>
File: output_4_16.png Graphic file (type png)
<use output_4_16.png>
Package pdftex.def Info: output_4_16.png  used on input line 1401.
(pdftex.def)             Requested size: 320.46199pt x 239.08313pt.
 [59 <./output_4_15.png> <./output_4_16.png>]
<output_7_14.png, id=992, 859.2903pt x 1727.253pt>
File: output_7_14.png Graphic file (type png)
<use output_7_14.png>
Package pdftex.def Info: output_7_14.png  used on input line 1433.
(pdftex.def)             Requested size: 306.72841pt x 616.53947pt.

[60]
Overfull \vbox (2.55962pt too high) has occurred while \output is active []


[61 <./output_7_14.png>]
<output_7_15.png, id=1003, 857.1222pt x 137.313pt>
File: output_7_15.png Graphic file (type png)
<use output_7_15.png>
Package pdftex.def Info: output_7_15.png  used on input line 1441.
(pdftex.def)             Requested size: 320.46199pt x 51.33928pt.
<output_7_16.png, id=1004, 455.301pt x 339.669pt>
File: output_7_16.png Graphic file (type png)
<use output_7_16.png>
Package pdftex.def Info: output_7_16.png  used on input line 1448.
(pdftex.def)             Requested size: 320.46199pt x 239.08313pt.
<output_10_14.png, id=1011, 859.2903pt x 1871.793pt>
File: output_10_14.png Graphic file (type png)
<use output_10_14.png>
Package pdftex.def Info: output_10_14.png  used on input line 1478.
(pdftex.def)             Requested size: 306.72841pt x 668.13274pt.
 [62 <./output_7_15.png> <./output_7_16.png>] [63]
Overfull \vbox (54.15288pt too high) has occurred while \output is active []


[64 <./output_10_14.png>]
<output_10_15.png, id=1027, 859.2903pt x 137.313pt>
File: output_10_15.png Graphic file (type png)
<use output_10_15.png>
Package pdftex.def Info: output_10_15.png  used on input line 1486.
(pdftex.def)             Requested size: 320.46199pt x 51.20938pt.
<output_10_16.png, id=1028, 455.301pt x 339.669pt>
File: output_10_16.png Graphic file (type png)
<use output_10_16.png>
Package pdftex.def Info: output_10_16.png  used on input line 1493.
(pdftex.def)             Requested size: 320.46199pt x 239.08313pt.
<output_13_14.png, id=1035, 858.5676pt x 2016.333pt>
File: output_13_14.png Graphic file (type png)
<use output_13_14.png>
Package pdftex.def Info: output_13_14.png  used on input line 1522.
(pdftex.def)             Requested size: 306.72841pt x 720.34132pt.
 [65 <./output_10_15.png> <./output_10_16.png>]
[66]
Overfull \vbox (106.36147pt too high) has occurred while \output is active []


[67 <./output_13_14.png>]
<output_13_15.png, id=1052, 857.1222pt x 137.313pt>
File: output_13_15.png Graphic file (type png)
<use output_13_15.png>
Package pdftex.def Info: output_13_15.png  used on input line 1530.
(pdftex.def)             Requested size: 320.46199pt x 51.33928pt.
<output_13_16.png, id=1053, 455.301pt x 339.669pt>
File: output_13_16.png Graphic file (type png)
<use output_13_16.png>
Package pdftex.def Info: output_13_16.png  used on input line 1537.
(pdftex.def)             Requested size: 320.46199pt x 239.08313pt.
 [68 <./output_13_15.png> <./output_13_16.png>]
<app.png, id=1064, 1435.3625pt x 451.6875pt>
File: app.png Graphic file (type png)
<use app.png>
Package pdftex.def Info: app.png  used on input line 1591.
(pdftex.def)             Requested size: 512.7392pt x 161.35298pt.

Overfull \hbox (54.93434pt too wide) in paragraph at lines 1591--1593
 [][] 
 []

[69 <./app.png>]
Cap\'{\i }tulo 5.
[70

] [71] [72

] [73] [74]
LaTeX Font Info:    Font shape `OT1/cmtt/bx/n' in size <10.95> not available
(Font)              Font shape `OT1/cmtt/m/n' tried instead on input line 1615.

 [75

] [76] [77] [78] [79] [80] (ParkinsonAF.aux
LaTeX Info: Redefining \sptext on input line 12.
LaTeX Info: Redefining \. on input line 12.
LaTeX Info: Redefining \% on input line 12.
)
 ***********
LaTeX2e <2023-11-01> patch level 1
L3 programming layer <2024-01-04>
 ***********


LaTeX Warning: There were multiply-defined labels.

Package rerunfilecheck Info: File `ParkinsonAF.out' has not changed.
(rerunfilecheck)             Checksum: 30888B5852D6F12CC6CCD766884F2E9A;14367.
Package logreq Info: Writing requests to 'ParkinsonAF.run.xml'.
\openout1 = `ParkinsonAF.run.xml'.

 ) 
Here is how much of TeX's memory you used:
 25332 strings out of 474486
 433472 string characters out of 5755469
 2185542 words of memory out of 5000000
 46890 multiletter control sequences out of 15000+600000
 569917 words of font info for 81 fonts, out of 8000000 for 9000
 1141 hyphenation exceptions out of 8191
 75i,13n,81p,1138b,2813s stack positions out of 10000i,1000n,20000p,200000b,200000s
<D:/PROGRAMAS/MiKTeX/fonts/type1/public/amsfonts/cm/cmbx10.pfb><D:/PROGRAMAS/
MiKTeX/fonts/type1/public/amsfonts/cm/cmbx12.pfb><D:/PROGRAMAS/MiKTeX/fonts/typ
e1/public/amsfonts/cm/cmbx8.pfb><D:/PROGRAMAS/MiKTeX/fonts/type1/public/amsfont
s/cm/cmcsc10.pfb><D:/PROGRAMAS/MiKTeX/fonts/type1/public/amsfonts/cm/cmex10.pfb
><D:/PROGRAMAS/MiKTeX/fonts/type1/public/amsfonts/cm/cmitt10.pfb><D:/PROGRAMAS/
MiKTeX/fonts/type1/public/amsfonts/cm/cmmi10.pfb><D:/PROGRAMAS/MiKTeX/fonts/typ
e1/public/amsfonts/cm/cmmi12.pfb><D:/PROGRAMAS/MiKTeX/fonts/type1/public/amsfon
ts/cm/cmmi6.pfb><D:/PROGRAMAS/MiKTeX/fonts/type1/public/amsfonts/cm/cmmi8.pfb><
D:/PROGRAMAS/MiKTeX/fonts/type1/public/amsfonts/cm/cmr10.pfb><D:/PROGRAMAS/MiKT
eX/fonts/type1/public/amsfonts/cm/cmr12.pfb><D:/PROGRAMAS/MiKTeX/fonts/type1/pu
blic/amsfonts/cm/cmr6.pfb><D:/PROGRAMAS/MiKTeX/fonts/type1/public/amsfonts/cm/c
mr8.pfb><D:/PROGRAMAS/MiKTeX/fonts/type1/public/amsfonts/cm/cmsy10.pfb><D:/PROG
RAMAS/MiKTeX/fonts/type1/public/amsfonts/cm/cmsy8.pfb><D:/PROGRAMAS/MiKTeX/font
s/type1/public/amsfonts/cm/cmti10.pfb><D:/PROGRAMAS/MiKTeX/fonts/type1/public/a
msfonts/cm/cmti12.pfb><D:/PROGRAMAS/MiKTeX/fonts/type1/public/amsfonts/cm/cmtt1
0.pfb><D:/PROGRAMAS/MiKTeX/fonts/type1/public/amsfonts/cm/cmtt12.pfb>
Output written on ParkinsonAF.pdf (81 pages, 9463187 bytes).
PDF statistics:
 1494 PDF objects out of 1728 (max. 8388607)
 454 named destinations out of 1000 (max. 500000)
 795 words of extra memory for PDF output out of 10000 (max. 10000000)

