\BOOKMARK [1][-]{section*.4}{\376\377\000T\000E\000M\000A}{}% 1
\BOOKMARK [1][-]{section*.5}{\376\377\000T\000\315\000T\000U\000L\000O}{}% 2
\BOOKMARK [1][-]{section*.6}{\376\377\000J\000U\000S\000T\000I\000F\000I\000C\000A\000C\000I\000\323\000N}{}% 3
\BOOKMARK [1][-]{section.0.1}{\376\377\000O\000b\000j\000e\000t\000i\000v\000o\000s}{}% 4
\BOOKMARK [2][-]{subsection.0.1.1}{\376\377\000O\000b\000j\000e\000t\000i\000v\000o\000\040\000G\000e\000n\000e\000r\000a\000l}{section.0.1}% 5
\BOOKMARK [2][-]{subsection.0.1.2}{\376\377\000O\000b\000j\000e\000t\000i\000v\000o\000\040\000E\000s\000p\000e\000c\000\355\000f\000i\000c\000o}{section.0.1}% 6
\BOOKMARK [0][-]{chapter.1}{\376\377\000M\000a\000r\000c\000o\000\040\000T\000e\000\363\000r\000i\000c\000o}{}% 7
\BOOKMARK [1][-]{section.1.1}{\376\377\000E\000s\000t\000a\000d\000o\000\040\000d\000e\000l\000\040\000A\000r\000t\000e}{chapter.1}% 8
\BOOKMARK [1][-]{section.1.2}{\376\377\000V\000a\000r\000i\000a\000b\000l\000e\000s\000\040\000e\000n\000\040\000I\000n\000v\000e\000s\000t\000i\000g\000a\000c\000i\000o\000n\000e\000s\000\040\000d\000e\000\040\000S\000a\000l\000u\000d}{chapter.1}% 9
\BOOKMARK [2][-]{subsection.1.2.1}{\376\377\000V\000a\000r\000i\000a\000b\000l\000e\000s\000\040\000E\000l\000e\000c\000t\000r\000o\000c\000a\000r\000d\000i\000o\000g\000r\000\341\000f\000i\000c\000a\000s}{section.1.2}% 10
\BOOKMARK [3][-]{subsubsection.1.2.1.1}{\376\377\000I\000n\000t\000e\000r\000v\000a\000l\000o\000\040\000Q\000T}{subsection.1.2.1}% 11
\BOOKMARK [3][-]{subsubsection.1.2.1.2}{\376\377\000I\000n\000t\000e\000r\000v\000a\000l\000o\000\040\000R\000R}{subsection.1.2.1}% 12
\BOOKMARK [3][-]{subsubsection.1.2.1.3}{\376\377\000P\000r\000e\000s\000i\000\363\000n\000\040\000A\000r\000t\000e\000r\000i\000a\000l\000\040\000S\000i\000s\000t\000\363\000l\000i\000c\000a\000\040\000y\000\040\000D\000i\000a\000s\000t\000\363\000l\000i\000c\000a}{subsection.1.2.1}% 13
\BOOKMARK [3][-]{subsubsection.1.2.1.4}{\376\377\000P\000u\000n\000t\000a\000j\000e\000\040\000d\000e\000\040\000a\000s\000i\000m\000e\000t\000r\000\355\000a\000\040\000d\000e\000\040\000l\000a\000\040\000o\000n\000d\000a\000\040\000T}{subsection.1.2.1}% 14
\BOOKMARK [3][-]{subsubsection.1.2.1.5}{\376\377\000I\000n\000t\000e\000r\000v\000a\000l\000o\000\040\000J\000-\000T\000p}{subsection.1.2.1}% 15
\BOOKMARK [3][-]{subsubsection.1.2.1.6}{\376\377\000V\000a\000r\000i\000a\000b\000l\000e\000s\000\040\000C\000l\000\355\000n\000i\000c\000a\000s}{subsection.1.2.1}% 16
\BOOKMARK [1][-]{section.1.3}{\376\377\000F\000\341\000r\000m\000a\000c\000o\000s}{chapter.1}% 17
\BOOKMARK [2][-]{subsection.1.3.1}{\376\377\000D\000o\000f\000e\000t\000i\000l\000i\000d\000a}{section.1.3}% 18
\BOOKMARK [2][-]{subsection.1.3.2}{\376\377\000Q\000u\000i\000n\000i\000d\000i\000n\000a}{section.1.3}% 19
\BOOKMARK [2][-]{subsection.1.3.3}{\376\377\000R\000a\000n\000o\000l\000a\000z\000i\000n\000a}{section.1.3}% 20
\BOOKMARK [2][-]{subsection.1.3.4}{\376\377\000V\000e\000r\000a\000p\000a\000m\000i\000l\000o}{section.1.3}% 21
\BOOKMARK [1][-]{section.1.4}{\376\377\000N\000a\000t\000u\000r\000a\000l\000e\000z\000a\000\040\000d\000e\000\040\000l\000o\000s\000\040\000D\000a\000t\000o\000s}{chapter.1}% 22
\BOOKMARK [1][-]{section.1.5}{\376\377\000E\000s\000t\000a\000d\000\355\000s\000t\000i\000c\000a\000\040\000B\000a\000y\000e\000s\000i\000a\000n\000a}{chapter.1}% 23
\BOOKMARK [2][-]{subsection.1.5.1}{\376\377\000V\000e\000r\000o\000s\000i\000m\000i\000l\000i\000t\000u\000d}{section.1.5}% 24
\BOOKMARK [2][-]{subsection.1.5.2}{\376\377\000D\000i\000s\000t\000r\000i\000b\000u\000c\000i\000\363\000n\000\040\000a\000\040\000P\000r\000i\000o\000r\000i}{section.1.5}% 25
\BOOKMARK [2][-]{subsection.1.5.3}{\376\377\000D\000i\000s\000t\000r\000i\000b\000u\000c\000i\000\363\000n\000\040\000P\000o\000s\000t\000e\000r\000i\000o\000r}{section.1.5}% 26
\BOOKMARK [2][-]{subsection.1.5.4}{\376\377\000D\000i\000s\000t\000r\000i\000b\000u\000c\000i\000\363\000n\000\040\000P\000o\000s\000t\000e\000r\000i\000o\000r\000\040\000P\000r\000e\000d\000i\000c\000t\000i\000v\000a}{section.1.5}% 27
\BOOKMARK [1][-]{section.1.6}{\376\377\000M\000o\000d\000e\000l\000o\000s\000\040\000J\000e\000r\000\341\000r\000q\000u\000i\000c\000o\000s\000\040\000d\000e\000\040\000R\000e\000g\000r\000e\000s\000i\000\363\000n}{chapter.1}% 28
\BOOKMARK [1][-]{section.1.7}{\376\377\000I\000n\000f\000e\000r\000e\000n\000c\000i\000a\000\040\000B\000a\000y\000e\000s\000i\000a\000n\000a\000\040\000p\000a\000r\000a\000\040\000l\000a\000\040\000e\000s\000t\000i\000m\000a\000c\000i\000\363\000n\000\040\000d\000e\000\040\000p\000a\000r\000\341\000m\000e\000t\000r\000o\000s}{chapter.1}% 29
\BOOKMARK [2][-]{subsection.1.7.1}{\376\377\000C\000a\000d\000e\000n\000a\000s\000\040\000d\000e\000\040\000M\000a\000r\000k\000o\000v\000\040\000M\000o\000n\000t\000e\000\040\000C\000a\000r\000l\000o\000\040\000\050\000M\000C\000M\000C\000\051}{section.1.7}% 30
\BOOKMARK [2][-]{subsection.1.7.2}{\376\377\000H\000a\000m\000i\000l\000t\000o\000n\000\040\000M\000o\000n\000t\000e\000\040\000C\000a\000r\000l\000o}{section.1.7}% 31
\BOOKMARK [3][-]{subsubsection.1.7.2.1}{\376\377\000R\000e\000s\000o\000l\000u\000c\000i\000\363\000n\000\040\000d\000e\000\040\000l\000a\000s\000\040\000e\000c\000u\000a\000c\000i\000o\000n\000e\000s\000\040\000d\000e\000\040\000H\000a\000m\000i\000l\000t\000o\000n}{subsection.1.7.2}% 32
\BOOKMARK [3][-]{subsubsection.1.7.2.2}{\376\377\000E\000l\000\040\000i\000n\000t\000e\000g\000r\000a\000d\000o\000r\000\040\000d\000e\000\040\000L\000e\000a\000p\000f\000r\000o\000g\000\040}{subsection.1.7.2}% 33
\BOOKMARK [1][-]{section.1.8}{\376\377\000M\000\351\000t\000r\000i\000c\000a\000s\000\040\000d\000e\000\040\000E\000v\000a\000l\000u\000a\000c\000i\000\363\000n}{chapter.1}% 34
\BOOKMARK [2][-]{subsection.1.8.1}{\376\377\000M\000\351\000t\000r\000i\000c\000a\000s\000\040\000d\000e\000\040\000C\000o\000n\000v\000e\000r\000g\000e\000n\000c\000i\000a}{section.1.8}% 35
\BOOKMARK [3][-]{subsubsection.1.8.1.1}{\376\377\000R\000\040\000h\000a\000t}{subsection.1.8.1}% 36
\BOOKMARK [3][-]{subsubsection.1.8.1.2}{\376\377\000F\000r\000a\000c\000c\000i\000\363\000n\000\040\000b\000a\000y\000e\000s\000i\000a\000n\000a\000\040\000e\000s\000t\000i\000m\000a\000d\000a\000\040\000d\000e\000\040\000i\000n\000f\000o\000r\000m\000a\000c\000i\000\363\000n\000\040\000f\000a\000l\000t\000a\000n\000t\000e\000\040\000\050\000B\000F\000M\000I\000\051}{subsection.1.8.1}% 37
\BOOKMARK [2][-]{subsection.1.8.2}{\376\377\000M\000\351\000t\000r\000i\000c\000a\000s\000\040\000d\000e\000\040\000I\000n\000c\000e\000r\000t\000i\000d\000u\000m\000b\000r\000e}{section.1.8}% 38
\BOOKMARK [3][-]{subsubsection.1.8.2.1}{\376\377\000I\000n\000t\000e\000r\000v\000a\000l\000o\000s\000\040\000d\000e\000\040\000C\000r\000e\000d\000i\000b\000i\000l\000i\000d\000a\000d}{subsection.1.8.2}% 39
\BOOKMARK [2][-]{subsection.1.8.3}{\376\377\000M\000\351\000t\000r\000i\000c\000a\000s\000\040\000d\000e\000\040\000P\000r\000e\000d\000i\000c\000c\000i\000\363\000n}{section.1.8}% 40
\BOOKMARK [3][-]{subsubsection.1.8.3.1}{\376\377\000E\000r\000r\000o\000r\000\040\000C\000u\000a\000d\000r\000\341\000t\000i\000c\000o\000\040\000M\000e\000d\000i\000o}{subsection.1.8.3}% 41
\BOOKMARK [3][-]{subsubsection.1.8.3.2}{\376\377\000R\000a\000\355\000z\000\040\000d\000e\000l\000\040\000E\000r\000r\000o\000r\000\040\000c\000u\000a\000d\000r\000\341\000t\000i\000c\000o\000\040\000M\000e\000d\000i\000o}{subsection.1.8.3}% 42
\BOOKMARK [3][-]{subsubsection.1.8.3.3}{\376\377\000E\000r\000r\000o\000r\000\040\000P\000o\000r\000c\000e\000n\000t\000u\000a\000l\000\040\000A\000b\000s\000o\000l\000u\000t\000o\000\040\000M\000e\000d\000i\000o}{subsection.1.8.3}% 43
\BOOKMARK [3][-]{subsubsection.1.8.3.4}{\376\377\000C\000r\000i\000t\000e\000r\000i\000o\000\040\000d\000e\000\040\000I\000n\000f\000o\000r\000m\000a\000c\000i\000\363\000n\000\040\000d\000e\000\040\000W\000a\000t\000a\000n\000a\000b\000e\000-\000A\000k\000a\000i\000k\000e}{subsection.1.8.3}% 44
\BOOKMARK [2][-]{subsection.1.8.4}{\376\377\000B\000o\000n\000d\000a\000d\000\040\000d\000e\000\040\000A\000j\000u\000s\000t\000e}{section.1.8}% 45
\BOOKMARK [3][-]{subsubsection.1.8.4.1}{\376\377\000C\000o\000e\000f\000i\000c\000i\000e\000n\000t\000e\000\040\000d\000e\000\040\000D\000e\000t\000e\000r\000m\000i\000n\000a\000c\000i\000\363\000n\000\040\000B\000a\000y\000e\000s\000i\000a\000n\000o}{subsection.1.8.4}% 46
\BOOKMARK [1][-]{section.1.9}{\376\377\000I\000m\000p\000l\000e\000m\000e\000n\000t\000a\000c\000i\000\363\000n\000\040\000C\000o\000m\000p\000u\000t\000a\000c\000i\000o\000n\000a\000l}{chapter.1}% 47
\BOOKMARK [2][-]{subsection.1.9.1}{\376\377\000P\000y\000M\000C}{section.1.9}% 48
\BOOKMARK [0][-]{chapter.2}{\376\377\000M\000e\000t\000o\000d\000o\000l\000o\000g\000\355\000a}{}% 49
\BOOKMARK [0][-]{chapter.3}{\376\377\000C\000o\000n\000s\000t\000r\000u\000c\000c\000i\000\363\000n\000\040\000d\000e\000\040\000l\000o\000s\000\040\000M\000o\000d\000e\000l\000o\000s\000\040\000B\000a\000y\000e\000s\000i\000a\000n\000o\000s\000\040\000D\000e\000\040\000R\000e\000g\000r\000e\000s\000i\000\363\000n}{}% 50
\BOOKMARK [1][-]{section.3.1}{\376\377\000A\000n\000\341\000l\000i\000s\000i\000s\000\040\000U\000n\000i\000v\000a\000r\000i\000a\000d\000o\000\040}{chapter.3}% 51
\BOOKMARK [2][-]{subsection.3.1.1}{\376\377\000A\000n\000\341\000l\000i\000s\000i\000s\000\040\000d\000e\000\040\000v\000a\000l\000o\000r\000e\000s\000\040\000F\000a\000l\000t\000a\000n\000t\000e\000s}{section.3.1}% 52
\BOOKMARK [2][-]{subsection.3.1.2}{\376\377\000M\000e\000d\000i\000d\000a\000s\000\040\000e\000s\000t\000a\000d\000\355\000s\000t\000i\000c\000a\000s}{section.3.1}% 53
\BOOKMARK [2][-]{subsection.3.1.3}{\376\377\000P\000r\000u\000e\000b\000a\000s\000\040\000d\000e\000\040\000B\000o\000n\000d\000a\000d\000\040\000d\000e\000\040\000A\000j\000u\000s\000t\000e}{section.3.1}% 54
\BOOKMARK [1][-]{section.3.2}{\376\377\000A\000n\000\341\000l\000i\000s\000i\000s\000\040\000M\000u\000l\000t\000i\000v\000a\000r\000i\000a\000d\000o}{chapter.3}% 55
\BOOKMARK [2][-]{subsection.3.2.1}{\376\377\000C\000o\000r\000r\000e\000l\000a\000c\000i\000\363\000n\000\040\000D\000e\000\040\000P\000e\000a\000r\000s\000o\000n}{section.3.2}% 56
\BOOKMARK [1][-]{section.3.3}{\376\377\000P\000r\000o\000p\000u\000e\000s\000t\000a\000\040\000d\000e\000\040\000M\000o\000d\000e\000l\000o\000s\000\040}{chapter.3}% 57
\BOOKMARK [2][-]{subsection.3.3.1}{\376\377\000D\000e\000t\000e\000r\000m\000i\000n\000a\000c\000i\000\363\000n\000\040\000d\000e\000\040\000l\000a\000\040\000d\000i\000s\000t\000r\000i\000b\000u\000c\000i\000\363\000n\000\040\000p\000r\000i\000o\000r\000i\000\040}{section.3.3}% 58
\BOOKMARK [2][-]{subsection.3.3.2}{\376\377\000M\000o\000d\000e\000l\000o\000\040\000B\000a\000s\000e\000\040}{section.3.3}% 59
\BOOKMARK [2][-]{subsection.3.3.3}{\376\377\000M\000o\000d\000e\000l\000o\000\040\000b\000a\000s\000e\000\040\000+\000\040\000a\000s\000i\000m\000e\000t\000r\000\355\000a\000\040\000d\000e\000\040\000o\000n\000d\000a\000\040\000T\000\040}{section.3.3}% 60
\BOOKMARK [2][-]{subsection.3.3.4}{\376\377\000M\000o\000d\000e\000l\000o\000\040\000b\000a\000s\000e\000\040\000+\000\040\000a\000s\000i\000m\000e\000t\000r\000\355\000a\000\040\000d\000e\000\040\000o\000n\000d\000a\000\040\000T\000\040\000+\000\040\000J\000T\000\040}{section.3.3}% 61
\BOOKMARK [2][-]{subsection.3.3.5}{\376\377\000M\000o\000d\000e\000l\000o\000\040\000b\000a\000s\000e\000\040\000+\000\040\000a\000s\000i\000m\000e\000t\000r\000\355\000a\000\040\000d\000e\000\040\000o\000n\000d\000a\000\040\000T\000\040\000+\000\040\000J\000T\000+\000\040\000d\000o\000s\000i\000s\000\040}{section.3.3}% 62
\BOOKMARK [2][-]{subsection.3.3.6}{\376\377\000M\000o\000d\000e\000l\000o\000\040\000b\000a\000s\000e\000\040\000+\000\040\000a\000s\000i\000m\000e\000t\000r\000\355\000a\000\040\000d\000e\000\040\000o\000n\000d\000a\000\040\000T\000\040\000+\000\040\000J\000T\000+\000\040\000d\000o\000s\000i\000s\000+\000\040\000p\000r\000e\000s\000i\000\363\000n\000\040\000d\000i\000a\000s\000t\000\363\000l\000i\000c\000a}{section.3.3}% 63
\BOOKMARK [0][-]{chapter.4}{\376\377\000R\000e\000s\000u\000l\000t\000a\000d\000o\000s}{}% 64
\BOOKMARK [1][-]{section.4.1}{\376\377\000E\000s\000t\000i\000m\000a\000c\000i\000\363\000n\000\040\000d\000e\000\040\000P\000a\000r\000\341\000m\000e\000t\000r\000o}{chapter.4}% 65
\BOOKMARK [2][-]{subsection.4.1.1}{\376\377\000M\000o\000d\000e\000l\000o\000\040\0001\000\040\000\050\0003\000.\0006\000\051}{section.4.1}% 66
\BOOKMARK [2][-]{subsection.4.1.2}{\376\377\000M\000o\000d\000e\000l\000o\000\040\0002\000\040\000\050\0003\000.\0007\000\051}{section.4.1}% 67
\BOOKMARK [2][-]{subsection.4.1.3}{\376\377\000M\000o\000d\000e\000l\000o\000\040\0003\000\040\000\050\0003\000.\0008\000\051}{section.4.1}% 68
\BOOKMARK [2][-]{subsection.4.1.4}{\376\377\000M\000o\000d\000e\000l\000o\000\040\0004\000\040\000\050\0003\000.\0009\000\051}{section.4.1}% 69
\BOOKMARK [2][-]{subsection.4.1.5}{\376\377\000M\000o\000d\000e\000l\000o\000\040\0005\000\040\000\050\0003\000.\0001\0000\000\051}{section.4.1}% 70
\BOOKMARK [1][-]{section.4.2}{\376\377\000E\000v\000a\000l\000u\000a\000c\000i\000\363\000n\000\040\000d\000e\000\040\000l\000o\000s\000\040\000m\000o\000d\000e\000l\000o\000s}{chapter.4}% 71
\BOOKMARK [2][-]{subsection.4.2.1}{\376\377\000M\000o\000d\000e\000l\000o\000\040\0001\000\040\000\050\0003\000.\0006\000\051}{section.4.2}% 72
\BOOKMARK [2][-]{subsection.4.2.2}{\376\377\000M\000o\000d\000e\000l\000o\000\040\0002\000\040\000\050\0003\000.\0007\000\051}{section.4.2}% 73
\BOOKMARK [2][-]{subsection.4.2.3}{\376\377\000M\000o\000d\000e\000l\000o\000\040\0003\000\040\000\050\0003\000.\0008\000\051}{section.4.2}% 74
\BOOKMARK [2][-]{subsection.4.2.4}{\376\377\000M\000o\000d\000e\000l\000o\000\040\0004\000\040\000\050\0003\000.\0009\000\051}{section.4.2}% 75
\BOOKMARK [2][-]{subsection.4.2.5}{\376\377\000M\000o\000d\000e\000l\000o\000\040\0005\000\040\000\050\0003\000.\0001\0000\000\051}{section.4.2}% 76
\BOOKMARK [1][-]{section.4.3}{\376\377\000A\000p\000l\000i\000c\000a\000t\000i\000v\000o}{chapter.4}% 77
\BOOKMARK [0][-]{chapter.5}{\376\377\000C\000o\000n\000c\000l\000u\000s\000i\000o\000n\000e\000s\000\040\000y\000\040\000R\000e\000c\000o\000m\000e\000n\000d\000a\000c\000i\000o\000n\000e\000s}{}% 78
